<?xml version="1.0" encoding="UTF-8"?>
<!-- Generated by org.testng.reporters.JUnitXMLReporter -->
<testsuite ignored="0" hostname="User" failures="1" tests="9" name="Test--------&gt;chrome" time="126.692" errors="0" timestamp="2024-10-24T15:03:09 IST">
  <testcase classname="com.CRM.OrganisationTest.TestScriptForOrganisation" name="createOrg" time="7.288">
    <skipped/>
  </testcase> <!-- createOrg -->
  <testcase classname="com.CRM.OrganisationTest.TestScriptForOrganisation" name="createOrg" time="7.294">
    <skipped/>
  </testcase> <!-- createOrg -->
  <testcase classname="com.CRM.OrganisationTest.TestScriptForOrganisation" name="createOrg" time="7.476">
    <skipped/>
  </testcase> <!-- createOrg -->
  <testcase classname="com.CRM.OrganisationTest.TestScriptForOrganisation" name="createOrg" time="7.361">
    <skipped/>
  </testcase> <!-- createOrg -->
  <testcase classname="com.CRM.OrganisationTest.TestScriptForOrganisation" name="createOrg" time="7.428">
    <skipped/>
  </testcase> <!-- createOrg -->
  <testcase classname="com.CRM.OrganisationTest.TestScriptForOrganisation" name="createOrg" time="7.371">
    <failure type="java.lang.AssertionError" message="The following asserts failed:
	Organization is created expected [Facebook_88795] but found [Facebook_8879]">
      <![CDATA[java.lang.AssertionError: The following asserts failed:
Organization is created expected [Facebook_88795] but found [Facebook_8879]
at com.CRM.ObjectRepository.OrganisationInfoPage.verifyOrgName(OrganisationInfoPage.java:120)
at com.CRM.OrganisationTest.TestScriptForOrganisation.createOrg(TestScriptForOrganisation.java:33)
at java.base/java.util.ArrayList.forEach(ArrayList.java:1597)
... Removed 27 stack frames]]>
    </failure>
  </testcase> <!-- createOrg -->
  <testcase classname="com.CRM.OrganisationTest.TestScriptForOrganisation" name="createOrgWithContact" time="7.431"/>
  <testcase classname="com.CRM.OrganisationTest.TestScriptForOrganisation" name="createOrgWithCredentials" time="7.89"/>
  <testcase classname="com.CRM.OrganisationTest.TestScriptForOrganisation" name="deleteOrg" time="29.451"/>
</testsuite> <!-- Test->chrome -->
